<?xml version="1.0" encoding="UTF-8"?>
<testng-results ignored="0" total="1" passed="1" failed="0" skipped="0">
  <reporter-output>
  </reporter-output>
  <suite started-at="2024-03-29T12:15:11Z" name="Suite" finished-at="2024-03-29T12:16:55Z" duration-ms="104258">
    <groups>
    </groups>
    <test started-at="2024-03-29T12:15:11Z" name="Test" finished-at="2024-03-29T12:16:55Z" duration-ms="104258">
      <class name="org.log.Sample">
        <test-method signature="Tc01()[pri:0, instance:org.log.Sample@6bf08014]" started-at="2024-03-29T12:15:11Z" name="Tc01" finished-at="2024-03-29T12:16:55Z" duration-ms="104223" status="PASS">
          <reporter-output>
          </reporter-output>
        </test-method> <!-- Tc01 -->
      </class> <!-- org.log.Sample -->
    </test> <!-- Test -->
  </suite> <!-- Suite -->
</testng-results>
