<?xml version="1.0" encoding="UTF-8"?>
<testng-results ignored="0" total="2" passed="2" failed="0" skipped="0">
  <reporter-output>
  </reporter-output>
  <suite started-at="2024-03-27T11:12:04Z" name="Suite" finished-at="2024-03-27T11:12:08Z" duration-ms="4027">
    <groups>
    </groups>
    <test started-at="2024-03-27T11:12:04Z" name="Test" finished-at="2024-03-27T11:12:08Z" duration-ms="4027">
      <class name="org.log.Sample">
        <test-method signature="Tc01()[pri:0, instance:org.log.Sample@5454d35e]" started-at="2024-03-27T11:12:04Z" name="Tc01" finished-at="2024-03-27T11:12:08Z" duration-ms="3944" status="PASS">
          <reporter-output>
          </reporter-output>
        </test-method> <!-- Tc01 -->
        <test-method signature="Tc02()[pri:0, instance:org.log.Sample@5454d35e]" started-at="2024-03-27T11:12:08Z" name="Tc02" finished-at="2024-03-27T11:12:08Z" duration-ms="5" status="PASS">
          <reporter-output>
          </reporter-output>
        </test-method> <!-- Tc02 -->
      </class> <!-- org.log.Sample -->
    </test> <!-- Test -->
  </suite> <!-- Suite -->
</testng-results>
